app/build/intermediates/manifest_merge_blame_file/release/manifest-merger-blame-release-report.txt
1<?xml version="1.0" encoding="utf-8"?>
2<manifest xmlns:android="http://schemas.android.com/apk/res/android"
3    package="com.motor.diagnostic"
4    android:versionCode="1"
5    android:versionName="1.0" >
6
7    <uses-sdk
8        android:minSdkVersion="24"
9        android:targetSdkVersion="34" />
10
11    <uses-permission android:name="android.permission.INTERNET" />
11-->src\main\AndroidManifest.xml:4:5-67
11-->src\main\AndroidManifest.xml:4:22-64
12    <uses-permission android:name="android.permission.ACCESS_NETWORK_STATE" />
12-->src\main\AndroidManifest.xml:5:5-79
12-->src\main\AndroidManifest.xml:5:22-76
13    <uses-permission
13-->src\main\AndroidManifest.xml:6:5-95
14        android:name="android.permission.BLUETOOTH"
14-->src\main\AndroidManifest.xml:6:22-65
15        android:maxSdkVersion="30" />
15-->src\main\AndroidManifest.xml:6:66-92
16    <uses-permission
16-->src\main\AndroidManifest.xml:7:5-101
17        android:name="android.permission.BLUETOOTH_ADMIN"
17-->src\main\AndroidManifest.xml:7:22-71
18        android:maxSdkVersion="30" />
18-->src\main\AndroidManifest.xml:7:72-98
19    <!-- For Android 12+ (API level 31 and above) -->
20    <uses-permission android:name="android.permission.BLUETOOTH_CONNECT" />
20-->src\main\AndroidManifest.xml:9:5-76
20-->src\main\AndroidManifest.xml:9:22-73
21    <uses-permission android:name="android.permission.BLUETOOTH_SCAN" />
21-->src\main\AndroidManifest.xml:10:5-73
21-->src\main\AndroidManifest.xml:10:22-70
22    <uses-permission
22-->src\main\AndroidManifest.xml:11:5-107
23        android:name="android.permission.READ_EXTERNAL_STORAGE"
23-->src\main\AndroidManifest.xml:11:22-77
24        android:maxSdkVersion="32" />
24-->src\main\AndroidManifest.xml:11:78-104
25    <uses-permission
25-->src\main\AndroidManifest.xml:12:5-108
26        android:name="android.permission.WRITE_EXTERNAL_STORAGE"
26-->src\main\AndroidManifest.xml:12:22-78
27        android:maxSdkVersion="28" />
27-->src\main\AndroidManifest.xml:12:79-105
28    <uses-permission android:name="android.permission.CAMERA" />
28-->src\main\AndroidManifest.xml:13:5-65
28-->src\main\AndroidManifest.xml:13:22-62
29    <uses-permission android:name="android.permission.WAKE_LOCK" />
29-->[com.google.android.gms:play-services-measurement:21.5.0] AndroidManifest.xml:25:5-68
29-->[com.google.android.gms:play-services-measurement:21.5.0] AndroidManifest.xml:25:22-65
30    <uses-permission android:name="com.google.android.finsky.permission.BIND_GET_INSTALL_REFERRER_SERVICE" />
30-->[com.google.android.gms:play-services-measurement:21.5.0] AndroidManifest.xml:26:5-110
30-->[com.google.android.gms:play-services-measurement:21.5.0] AndroidManifest.xml:26:22-107
31    <uses-permission android:name="com.google.android.gms.permission.AD_ID" />
31-->[com.google.android.gms:play-services-measurement-api:21.5.0] AndroidManifest.xml:25:5-79
31-->[com.google.android.gms:play-services-measurement-api:21.5.0] AndroidManifest.xml:25:22-76
32    <uses-permission android:name="android.permission.ACCESS_ADSERVICES_ATTRIBUTION" />
32-->[com.google.android.gms:play-services-measurement-api:21.5.0] AndroidManifest.xml:26:5-88
32-->[com.google.android.gms:play-services-measurement-api:21.5.0] AndroidManifest.xml:26:22-85
33    <uses-permission android:name="android.permission.ACCESS_ADSERVICES_AD_ID" />
33-->[com.google.android.gms:play-services-measurement-api:21.5.0] AndroidManifest.xml:27:5-82
33-->[com.google.android.gms:play-services-measurement-api:21.5.0] AndroidManifest.xml:27:22-79
34
35    <permission
35-->[androidx.core:core:1.12.0] AndroidManifest.xml:22:5-24:47
36        android:name="com.motor.diagnostic.DYNAMIC_RECEIVER_NOT_EXPORTED_PERMISSION"
36-->[androidx.core:core:1.12.0] AndroidManifest.xml:23:9-81
37        android:protectionLevel="signature" />
37-->[androidx.core:core:1.12.0] AndroidManifest.xml:24:9-44
38
39    <uses-permission android:name="com.motor.diagnostic.DYNAMIC_RECEIVER_NOT_EXPORTED_PERMISSION" />
39-->[androidx.core:core:1.12.0] AndroidManifest.xml:26:5-97
39-->[androidx.core:core:1.12.0] AndroidManifest.xml:26:22-94
40
41    <application
41-->src\main\AndroidManifest.xml:15:5-52:19
42        android:name="com.motor.diagnostic.MotorDiagnosticApplication"
42-->src\main\AndroidManifest.xml:16:9-51
43        android:allowBackup="true"
43-->src\main\AndroidManifest.xml:17:9-35
44        android:appComponentFactory="androidx.core.app.CoreComponentFactory"
44-->[androidx.core:core:1.12.0] AndroidManifest.xml:28:18-86
45        android:extractNativeLibs="false"
46        android:icon="@mipmap/ic_launcher"
46-->src\main\AndroidManifest.xml:18:9-43
47        android:label="@string/app_name"
47-->src\main\AndroidManifest.xml:19:9-41
48        android:roundIcon="@mipmap/ic_launcher_round"
48-->src\main\AndroidManifest.xml:20:9-54
49        android:supportsRtl="true"
49-->src\main\AndroidManifest.xml:21:9-35
50        android:theme="@style/Theme.MotorDiagnostic"
50-->src\main\AndroidManifest.xml:22:9-53
51        android:usesCleartextTraffic="false" >
51-->src\main\AndroidManifest.xml:23:9-45
52
53        <!-- Firebase Database persistence -->
54        <meta-data
54-->src\main\AndroidManifest.xml:26:9-28:101
55            android:name="firebase_database_url"
55-->src\main\AndroidManifest.xml:27:13-49
56            android:value="https://motor-b1a63-default-rtdb.asia-southeast1.firebasedatabase.app" />
56-->src\main\AndroidManifest.xml:28:13-98
57
58        <activity
58-->src\main\AndroidManifest.xml:30:9-38:20
59            android:name="com.motor.diagnostic.presentation.ui.SplashActivity"
59-->src\main\AndroidManifest.xml:31:13-59
60            android:exported="true"
60-->src\main\AndroidManifest.xml:32:13-36
61            android:theme="@style/SplashTheme" >
61-->src\main\AndroidManifest.xml:33:13-47
62            <intent-filter>
62-->src\main\AndroidManifest.xml:34:13-37:29
63                <action android:name="android.intent.action.MAIN" />
63-->src\main\AndroidManifest.xml:35:17-69
63-->src\main\AndroidManifest.xml:35:25-66
64
65                <category android:name="android.intent.category.LAUNCHER" />
65-->src\main\AndroidManifest.xml:36:17-77
65-->src\main\AndroidManifest.xml:36:27-74
66            </intent-filter>
67        </activity>
68        <activity
68-->src\main\AndroidManifest.xml:40:9-42:40
69            android:name="com.motor.diagnostic.presentation.ui.authentication.LoginActivity"
69-->src\main\AndroidManifest.xml:41:13-73
70            android:exported="false" />
70-->src\main\AndroidManifest.xml:42:13-37
71        <activity
71-->src\main\AndroidManifest.xml:44:9-46:40
72            android:name="com.motor.diagnostic.presentation.ui.authentication.RegisterActivity"
72-->src\main\AndroidManifest.xml:45:13-76
73            android:exported="false" />
73-->src\main\AndroidManifest.xml:46:13-37
74        <activity
74-->src\main\AndroidManifest.xml:48:9-50:40
75            android:name="com.motor.diagnostic.presentation.ui.MainActivity"
75-->src\main\AndroidManifest.xml:49:13-57
76            android:exported="false" />
76-->src\main\AndroidManifest.xml:50:13-37
77
78        <provider
78-->[androidx.emoji2:emoji2:1.2.0] AndroidManifest.xml:24:9-32:20
79            android:name="androidx.startup.InitializationProvider"
79-->[androidx.emoji2:emoji2:1.2.0] AndroidManifest.xml:25:13-67
80            android:authorities="com.motor.diagnostic.androidx-startup"
80-->[androidx.emoji2:emoji2:1.2.0] AndroidManifest.xml:26:13-68
81            android:exported="false" >
81-->[androidx.emoji2:emoji2:1.2.0] AndroidManifest.xml:27:13-37
82            <meta-data
82-->[androidx.emoji2:emoji2:1.2.0] AndroidManifest.xml:29:13-31:52
83                android:name="androidx.emoji2.text.EmojiCompatInitializer"
83-->[androidx.emoji2:emoji2:1.2.0] AndroidManifest.xml:30:17-75
84                android:value="androidx.startup" />
84-->[androidx.emoji2:emoji2:1.2.0] AndroidManifest.xml:31:17-49
85            <meta-data
85-->[androidx.lifecycle:lifecycle-process:2.6.2] AndroidManifest.xml:29:13-31:52
86                android:name="androidx.lifecycle.ProcessLifecycleInitializer"
86-->[androidx.lifecycle:lifecycle-process:2.6.2] AndroidManifest.xml:30:17-78
87                android:value="androidx.startup" />
87-->[androidx.lifecycle:lifecycle-process:2.6.2] AndroidManifest.xml:31:17-49
88            <meta-data
88-->[androidx.profileinstaller:profileinstaller:1.3.0] AndroidManifest.xml:29:13-31:52
89                android:name="androidx.profileinstaller.ProfileInstallerInitializer"
89-->[androidx.profileinstaller:profileinstaller:1.3.0] AndroidManifest.xml:30:17-85
90                android:value="androidx.startup" />
90-->[androidx.profileinstaller:profileinstaller:1.3.0] AndroidManifest.xml:31:17-49
91        </provider>
92
93        <activity
93-->[com.google.firebase:firebase-auth:22.3.0] AndroidManifest.xml:29:9-46:20
94            android:name="com.google.firebase.auth.internal.GenericIdpActivity"
94-->[com.google.firebase:firebase-auth:22.3.0] AndroidManifest.xml:30:13-80
95            android:excludeFromRecents="true"
95-->[com.google.firebase:firebase-auth:22.3.0] AndroidManifest.xml:31:13-46
96            android:exported="true"
96-->[com.google.firebase:firebase-auth:22.3.0] AndroidManifest.xml:32:13-36
97            android:launchMode="singleTask"
97-->[com.google.firebase:firebase-auth:22.3.0] AndroidManifest.xml:33:13-44
98            android:theme="@android:style/Theme.Translucent.NoTitleBar" >
98-->[com.google.firebase:firebase-auth:22.3.0] AndroidManifest.xml:34:13-72
99            <intent-filter>
99-->[com.google.firebase:firebase-auth:22.3.0] AndroidManifest.xml:35:13-45:29
100                <action android:name="android.intent.action.VIEW" />
100-->[com.google.firebase:firebase-auth:22.3.0] AndroidManifest.xml:36:17-69
100-->[com.google.firebase:firebase-auth:22.3.0] AndroidManifest.xml:36:25-66
101
102                <category android:name="android.intent.category.DEFAULT" />
102-->[com.google.firebase:firebase-auth:22.3.0] AndroidManifest.xml:38:17-76
102-->[com.google.firebase:firebase-auth:22.3.0] AndroidManifest.xml:38:27-73
103                <category android:name="android.intent.category.BROWSABLE" />
103-->[com.google.firebase:firebase-auth:22.3.0] AndroidManifest.xml:39:17-78
103-->[com.google.firebase:firebase-auth:22.3.0] AndroidManifest.xml:39:27-75
104
105                <data
105-->[com.google.firebase:firebase-auth:22.3.0] AndroidManifest.xml:41:17-44:51
106                    android:host="firebase.auth"
106-->[com.google.firebase:firebase-auth:22.3.0] AndroidManifest.xml:42:21-49
107                    android:path="/"
107-->[com.google.firebase:firebase-auth:22.3.0] AndroidManifest.xml:43:21-37
108                    android:scheme="genericidp" />
108-->[com.google.firebase:firebase-auth:22.3.0] AndroidManifest.xml:44:21-48
109            </intent-filter>
110        </activity>
111        <activity
111-->[com.google.firebase:firebase-auth:22.3.0] AndroidManifest.xml:47:9-64:20
112            android:name="com.google.firebase.auth.internal.RecaptchaActivity"
112-->[com.google.firebase:firebase-auth:22.3.0] AndroidManifest.xml:48:13-79
113            android:excludeFromRecents="true"
113-->[com.google.firebase:firebase-auth:22.3.0] AndroidManifest.xml:49:13-46
114            android:exported="true"
114-->[com.google.firebase:firebase-auth:22.3.0] AndroidManifest.xml:50:13-36
115            android:launchMode="singleTask"
115-->[com.google.firebase:firebase-auth:22.3.0] AndroidManifest.xml:51:13-44
116            android:theme="@android:style/Theme.Translucent.NoTitleBar" >
116-->[com.google.firebase:firebase-auth:22.3.0] AndroidManifest.xml:52:13-72
117            <intent-filter>
117-->[com.google.firebase:firebase-auth:22.3.0] AndroidManifest.xml:53:13-63:29
118                <action android:name="android.intent.action.VIEW" />
118-->[com.google.firebase:firebase-auth:22.3.0] AndroidManifest.xml:36:17-69
118-->[com.google.firebase:firebase-auth:22.3.0] AndroidManifest.xml:36:25-66
119
120                <category android:name="android.intent.category.DEFAULT" />
120-->[com.google.firebase:firebase-auth:22.3.0] AndroidManifest.xml:38:17-76
120-->[com.google.firebase:firebase-auth:22.3.0] AndroidManifest.xml:38:27-73
121                <category android:name="android.intent.category.BROWSABLE" />
121-->[com.google.firebase:firebase-auth:22.3.0] AndroidManifest.xml:39:17-78
121-->[com.google.firebase:firebase-auth:22.3.0] AndroidManifest.xml:39:27-75
122
123                <data
123-->[com.google.firebase:firebase-auth:22.3.0] AndroidManifest.xml:41:17-44:51
124                    android:host="firebase.auth"
124-->[com.google.firebase:firebase-auth:22.3.0] AndroidManifest.xml:42:21-49
125                    android:path="/"
125-->[com.google.firebase:firebase-auth:22.3.0] AndroidManifest.xml:43:21-37
126                    android:scheme="recaptcha" />
126-->[com.google.firebase:firebase-auth:22.3.0] AndroidManifest.xml:44:21-48
127            </intent-filter>
128        </activity>
129
130        <service
130-->[com.google.firebase:firebase-auth:22.3.0] AndroidManifest.xml:66:9-72:19
131            android:name="com.google.firebase.components.ComponentDiscoveryService"
131-->[com.google.firebase:firebase-auth:22.3.0] AndroidManifest.xml:67:13-84
132            android:directBootAware="true"
132-->[com.google.firebase:firebase-common:20.4.2] AndroidManifest.xml:32:13-43
133            android:exported="false" >
133-->[com.google.firebase:firebase-auth:22.3.0] AndroidManifest.xml:68:13-37
134            <meta-data
134-->[com.google.firebase:firebase-auth:22.3.0] AndroidManifest.xml:69:13-71:85
135                android:name="com.google.firebase.components:com.google.firebase.auth.FirebaseAuthRegistrar"
135-->[com.google.firebase:firebase-auth:22.3.0] AndroidManifest.xml:70:17-109
136                android:value="com.google.firebase.components.ComponentRegistrar" />
136-->[com.google.firebase:firebase-auth:22.3.0] AndroidManifest.xml:71:17-82
137            <meta-data
137-->[com.google.firebase:firebase-database:20.3.0] AndroidManifest.xml:29:13-31:85
138                android:name="com.google.firebase.components:com.google.firebase.database.FirebaseDatabaseKtxRegistrar"
138-->[com.google.firebase:firebase-database:20.3.0] AndroidManifest.xml:30:17-120
139                android:value="com.google.firebase.components.ComponentRegistrar" />
139-->[com.google.firebase:firebase-database:20.3.0] AndroidManifest.xml:31:17-82
140            <meta-data
140-->[com.google.firebase:firebase-database:20.3.0] AndroidManifest.xml:32:13-34:85
141                android:name="com.google.firebase.components:com.google.firebase.database.DatabaseRegistrar"
141-->[com.google.firebase:firebase-database:20.3.0] AndroidManifest.xml:33:17-109
142                android:value="com.google.firebase.components.ComponentRegistrar" />
142-->[com.google.firebase:firebase-database:20.3.0] AndroidManifest.xml:34:17-82
143            <meta-data
143-->[com.google.android.gms:play-services-measurement-api:21.5.0] AndroidManifest.xml:37:13-39:85
144                android:name="com.google.firebase.components:com.google.firebase.analytics.connector.internal.AnalyticsConnectorRegistrar"
144-->[com.google.android.gms:play-services-measurement-api:21.5.0] AndroidManifest.xml:38:17-139
145                android:value="com.google.firebase.components.ComponentRegistrar" />
145-->[com.google.android.gms:play-services-measurement-api:21.5.0] AndroidManifest.xml:39:17-82
146            <meta-data
146-->[com.google.firebase:firebase-storage:20.3.0] AndroidManifest.xml:30:13-32:85
147                android:name="com.google.firebase.components:com.google.firebase.storage.FirebaseStorageKtxRegistrar"
147-->[com.google.firebase:firebase-storage:20.3.0] AndroidManifest.xml:31:17-118
148                android:value="com.google.firebase.components.ComponentRegistrar" />
148-->[com.google.firebase:firebase-storage:20.3.0] AndroidManifest.xml:32:17-82
149            <meta-data
149-->[com.google.firebase:firebase-storage:20.3.0] AndroidManifest.xml:33:13-35:85
150                android:name="com.google.firebase.components:com.google.firebase.storage.StorageRegistrar"
150-->[com.google.firebase:firebase-storage:20.3.0] AndroidManifest.xml:34:17-107
151                android:value="com.google.firebase.components.ComponentRegistrar" />
151-->[com.google.firebase:firebase-storage:20.3.0] AndroidManifest.xml:35:17-82
152            <meta-data
152-->[com.google.firebase:firebase-appcheck:17.1.1] AndroidManifest.xml:25:13-27:85
153                android:name="com.google.firebase.components:com.google.firebase.appcheck.FirebaseAppCheckKtxRegistrar"
153-->[com.google.firebase:firebase-appcheck:17.1.1] AndroidManifest.xml:26:17-120
154                android:value="com.google.firebase.components.ComponentRegistrar" />
154-->[com.google.firebase:firebase-appcheck:17.1.1] AndroidManifest.xml:27:17-82
155            <meta-data
155-->[com.google.firebase:firebase-appcheck:17.1.1] AndroidManifest.xml:28:13-30:85
156                android:name="com.google.firebase.components:com.google.firebase.appcheck.FirebaseAppCheckRegistrar"
156-->[com.google.firebase:firebase-appcheck:17.1.1] AndroidManifest.xml:29:17-117
157                android:value="com.google.firebase.components.ComponentRegistrar" />
157-->[com.google.firebase:firebase-appcheck:17.1.1] AndroidManifest.xml:30:17-82
158            <meta-data
158-->[com.google.firebase:firebase-installations:17.2.0] AndroidManifest.xml:15:13-17:85
159                android:name="com.google.firebase.components:com.google.firebase.installations.FirebaseInstallationsKtxRegistrar"
159-->[com.google.firebase:firebase-installations:17.2.0] AndroidManifest.xml:16:17-130
160                android:value="com.google.firebase.components.ComponentRegistrar" />
160-->[com.google.firebase:firebase-installations:17.2.0] AndroidManifest.xml:17:17-82
161            <meta-data
161-->[com.google.firebase:firebase-installations:17.2.0] AndroidManifest.xml:18:13-20:85
162                android:name="com.google.firebase.components:com.google.firebase.installations.FirebaseInstallationsRegistrar"
162-->[com.google.firebase:firebase-installations:17.2.0] AndroidManifest.xml:19:17-127
163                android:value="com.google.firebase.components.ComponentRegistrar" />
163-->[com.google.firebase:firebase-installations:17.2.0] AndroidManifest.xml:20:17-82
164            <meta-data
164-->[com.google.firebase:firebase-common-ktx:20.4.2] AndroidManifest.xml:12:13-14:85
165                android:name="com.google.firebase.components:com.google.firebase.ktx.FirebaseCommonLegacyRegistrar"
165-->[com.google.firebase:firebase-common-ktx:20.4.2] AndroidManifest.xml:13:17-116
166                android:value="com.google.firebase.components.ComponentRegistrar" />
166-->[com.google.firebase:firebase-common-ktx:20.4.2] AndroidManifest.xml:14:17-82
167            <meta-data
167-->[com.google.firebase:firebase-common:20.4.2] AndroidManifest.xml:35:13-37:85
168                android:name="com.google.firebase.components:com.google.firebase.FirebaseCommonKtxRegistrar"
168-->[com.google.firebase:firebase-common:20.4.2] AndroidManifest.xml:36:17-109
169                android:value="com.google.firebase.components.ComponentRegistrar" />
169-->[com.google.firebase:firebase-common:20.4.2] AndroidManifest.xml:37:17-82
170        </service>
171
172        <receiver
172-->[com.google.android.gms:play-services-measurement:21.5.0] AndroidManifest.xml:29:9-33:20
173            android:name="com.google.android.gms.measurement.AppMeasurementReceiver"
173-->[com.google.android.gms:play-services-measurement:21.5.0] AndroidManifest.xml:30:13-85
174            android:enabled="true"
174-->[com.google.android.gms:play-services-measurement:21.5.0] AndroidManifest.xml:31:13-35
175            android:exported="false" >
175-->[com.google.android.gms:play-services-measurement:21.5.0] AndroidManifest.xml:32:13-37
176        </receiver>
177
178        <service
178-->[com.google.android.gms:play-services-measurement:21.5.0] AndroidManifest.xml:35:9-38:40
179            android:name="com.google.android.gms.measurement.AppMeasurementService"
179-->[com.google.android.gms:play-services-measurement:21.5.0] AndroidManifest.xml:36:13-84
180            android:enabled="true"
180-->[com.google.android.gms:play-services-measurement:21.5.0] AndroidManifest.xml:37:13-35
181            android:exported="false" />
181-->[com.google.android.gms:play-services-measurement:21.5.0] AndroidManifest.xml:38:13-37
182        <service
182-->[com.google.android.gms:play-services-measurement:21.5.0] AndroidManifest.xml:39:9-43:72
183            android:name="com.google.android.gms.measurement.AppMeasurementJobService"
183-->[com.google.android.gms:play-services-measurement:21.5.0] AndroidManifest.xml:40:13-87
184            android:enabled="true"
184-->[com.google.android.gms:play-services-measurement:21.5.0] AndroidManifest.xml:41:13-35
185            android:exported="false"
185-->[com.google.android.gms:play-services-measurement:21.5.0] AndroidManifest.xml:42:13-37
186            android:permission="android.permission.BIND_JOB_SERVICE" />
186-->[com.google.android.gms:play-services-measurement:21.5.0] AndroidManifest.xml:43:13-69
187
188        <property
188-->[com.google.android.gms:play-services-measurement-api:21.5.0] AndroidManifest.xml:30:9-32:61
189            android:name="android.adservices.AD_SERVICES_CONFIG"
189-->[com.google.android.gms:play-services-measurement-api:21.5.0] AndroidManifest.xml:31:13-65
190            android:resource="@xml/ga_ad_services_config" />
190-->[com.google.android.gms:play-services-measurement-api:21.5.0] AndroidManifest.xml:32:13-58
191
192        <provider
192-->[com.google.firebase:firebase-common:20.4.2] AndroidManifest.xml:23:9-28:39
193            android:name="com.google.firebase.provider.FirebaseInitProvider"
193-->[com.google.firebase:firebase-common:20.4.2] AndroidManifest.xml:24:13-77
194            android:authorities="com.motor.diagnostic.firebaseinitprovider"
194-->[com.google.firebase:firebase-common:20.4.2] AndroidManifest.xml:25:13-72
195            android:directBootAware="true"
195-->[com.google.firebase:firebase-common:20.4.2] AndroidManifest.xml:26:13-43
196            android:exported="false"
196-->[com.google.firebase:firebase-common:20.4.2] AndroidManifest.xml:27:13-37
197            android:initOrder="100" />
197-->[com.google.firebase:firebase-common:20.4.2] AndroidManifest.xml:28:13-36
198
199        <activity
199-->[com.google.android.gms:play-services-base:18.1.0] AndroidManifest.xml:20:9-22:45
200            android:name="com.google.android.gms.common.api.GoogleApiActivity"
200-->[com.google.android.gms:play-services-base:18.1.0] AndroidManifest.xml:20:19-85
201            android:exported="false"
201-->[com.google.android.gms:play-services-base:18.1.0] AndroidManifest.xml:22:19-43
202            android:theme="@android:style/Theme.Translucent.NoTitleBar" />
202-->[com.google.android.gms:play-services-base:18.1.0] AndroidManifest.xml:21:19-78
203
204        <uses-library
204-->[androidx.privacysandbox.ads:ads-adservices:1.0.0-beta05] AndroidManifest.xml:23:9-25:40
205            android:name="android.ext.adservices"
205-->[androidx.privacysandbox.ads:ads-adservices:1.0.0-beta05] AndroidManifest.xml:24:13-50
206            android:required="false" />
206-->[androidx.privacysandbox.ads:ads-adservices:1.0.0-beta05] AndroidManifest.xml:25:13-37
207        <uses-library
207-->[androidx.window:window:1.0.0] AndroidManifest.xml:25:9-27:40
208            android:name="androidx.window.extensions"
208-->[androidx.window:window:1.0.0] AndroidManifest.xml:26:13-54
209            android:required="false" />
209-->[androidx.window:window:1.0.0] AndroidManifest.xml:27:13-37
210        <uses-library
210-->[androidx.window:window:1.0.0] AndroidManifest.xml:28:9-30:40
211            android:name="androidx.window.sidecar"
211-->[androidx.window:window:1.0.0] AndroidManifest.xml:29:13-51
212            android:required="false" />
212-->[androidx.window:window:1.0.0] AndroidManifest.xml:30:13-37
213
214        <meta-data
214-->[com.google.android.gms:play-services-basement:18.1.0] AndroidManifest.xml:21:9-23:69
215            android:name="com.google.android.gms.version"
215-->[com.google.android.gms:play-services-basement:18.1.0] AndroidManifest.xml:22:13-58
216            android:value="@integer/google_play_services_version" />
216-->[com.google.android.gms:play-services-basement:18.1.0] AndroidManifest.xml:23:13-66
217
218        <receiver
218-->[androidx.profileinstaller:profileinstaller:1.3.0] AndroidManifest.xml:34:9-52:20
219            android:name="androidx.profileinstaller.ProfileInstallReceiver"
219-->[androidx.profileinstaller:profileinstaller:1.3.0] AndroidManifest.xml:35:13-76
220            android:directBootAware="false"
220-->[androidx.profileinstaller:profileinstaller:1.3.0] AndroidManifest.xml:36:13-44
221            android:enabled="true"
221-->[androidx.profileinstaller:profileinstaller:1.3.0] AndroidManifest.xml:37:13-35
222            android:exported="true"
222-->[androidx.profileinstaller:profileinstaller:1.3.0] AndroidManifest.xml:38:13-36
223            android:permission="android.permission.DUMP" >
223-->[androidx.profileinstaller:profileinstaller:1.3.0] AndroidManifest.xml:39:13-57
224            <intent-filter>
224-->[androidx.profileinstaller:profileinstaller:1.3.0] AndroidManifest.xml:40:13-42:29
225                <action android:name="androidx.profileinstaller.action.INSTALL_PROFILE" />
225-->[androidx.profileinstaller:profileinstaller:1.3.0] AndroidManifest.xml:41:17-91
225-->[androidx.profileinstaller:profileinstaller:1.3.0] AndroidManifest.xml:41:25-88
226            </intent-filter>
227            <intent-filter>
227-->[androidx.profileinstaller:profileinstaller:1.3.0] AndroidManifest.xml:43:13-45:29
228                <action android:name="androidx.profileinstaller.action.SKIP_FILE" />
228-->[androidx.profileinstaller:profileinstaller:1.3.0] AndroidManifest.xml:44:17-85
228-->[androidx.profileinstaller:profileinstaller:1.3.0] AndroidManifest.xml:44:25-82
229            </intent-filter>
230            <intent-filter>
230-->[androidx.profileinstaller:profileinstaller:1.3.0] AndroidManifest.xml:46:13-48:29
231                <action android:name="androidx.profileinstaller.action.SAVE_PROFILE" />
231-->[androidx.profileinstaller:profileinstaller:1.3.0] AndroidManifest.xml:47:17-88
231-->[androidx.profileinstaller:profileinstaller:1.3.0] AndroidManifest.xml:47:25-85
232            </intent-filter>
233            <intent-filter>
233-->[androidx.profileinstaller:profileinstaller:1.3.0] AndroidManifest.xml:49:13-51:29
234                <action android:name="androidx.profileinstaller.action.BENCHMARK_OPERATION" />
234-->[androidx.profileinstaller:profileinstaller:1.3.0] AndroidManifest.xml:50:17-95
234-->[androidx.profileinstaller:profileinstaller:1.3.0] AndroidManifest.xml:50:25-92
235            </intent-filter>
236        </receiver>
237    </application>
238
239</manifest>